<?xml version="1.0" encoding="UTF-8"?>
<!-- Generated by org.testng.reporters.JUnitReportReporter -->
<testsuite hostname="SHITAL" failures="0" tests="1" name="register.TC_006" time="5.815" errors="0" timestamp="2024-11-21T22:13:04 IST" skipped="0">
  <testcase classname="register.TC_006" name="VerifyRegisterAccountByprovidingSelectingNewsletterField" time="5.815"/>
</testsuite> <!-- register.TC_006 -->
