<?xml version="1.0" encoding="UTF-8"?>
<!-- Generated by org.testng.reporters.JUnitReportReporter -->
<testsuite hostname="SHITAL" failures="0" tests="1" name="register.TC_004" time="3.743" errors="0" timestamp="2024-11-21T15:18:23 IST" skipped="0">
  <testcase classname="register.TC_004" name="ToVerifyProrperMsgsdisplayesWhilenodataprovide" time="3.743"/>
</testsuite> <!-- register.TC_004 -->
