<?xml version="1.0" encoding="UTF-8"?>
<!-- Generated by org.testng.reporters.JUnitReportReporter -->
<testsuite hostname="SHITAL" failures="0" tests="1" name="register.TC_001" time="6.258" errors="0" timestamp="2024-11-21T11:26:14 IST" skipped="0">
  <testcase classname="register.TC_001" name="RegisterWithMandatoryfields" time="6.258"/>
</testsuite> <!-- register.TC_001 -->
