<?xml version="1.0" encoding="UTF-8"?>
<!-- Generated by org.testng.reporters.JUnitReportReporter -->
<testsuite hostname="SHITAL" failures="0" tests="1" name="register.TC_009" time="4.023" errors="0" timestamp="2024-11-22T11:30:28 IST" skipped="0">
  <testcase classname="register.TC_009" name="VerifyRgeisteringaccountByFillinigExistingFunctionality" time="4.023"/>
</testsuite> <!-- register.TC_009 -->
