<?xml version="1.0" encoding="UTF-8"?>
<!-- Generated by org.testng.reporters.JUnitReportReporter -->
<testsuite hostname="SHITAL" failures="0" tests="1" name="register.TC_008" time="4.286" errors="0" timestamp="2024-11-22T11:00:21 IST" skipped="0">
  <testcase classname="register.TC_008" name="VerifyimgRegisteringAccountByEnteringDifferentPAssword" time="4.286"/>
</testsuite> <!-- register.TC_008 -->
