<?xml version="1.0" encoding="UTF-8"?>
<!-- Generated by org.testng.reporters.JUnitReportReporter -->
<testsuite hostname="SHITAL" failures="0" tests="1" name="register.TC_007" time="7.788" errors="0" timestamp="2024-11-21T23:23:14 IST" skipped="0">
  <testcase classname="register.TC_007" name="NavigatetoDifferentPages" time="7.788"/>
</testsuite> <!-- register.TC_007 -->
