<?xml version="1.0" encoding="UTF-8"?>
<!-- Generated by org.testng.reporters.JUnitReportReporter -->
<testsuite hostname="SHITAL" failures="0" tests="1" name="register.TC_16" time="6.227" errors="0" timestamp="2024-11-29T18:14:58 IST" skipped="0">
  <testcase classname="register.TC_16" name="VerifyMandatoryfieldsintheRegisterAccountpagearenotacceptingonlyspaces" time="6.227"/>
</testsuite> <!-- register.TC_16 -->
