<?xml version="1.0" encoding="UTF-8"?>
<!-- Generated by org.testng.reporters.JUnitReportReporter -->
<testsuite hostname="SHITAL" failures="0" tests="1" name="register.TC_005" time="5.033" errors="0" timestamp="2024-11-21T15:46:01 IST" skipped="0">
  <testcase classname="register.TC_005" name="VerifyingRegisterAccountBySubcribeNewsletter" time="5.033"/>
</testsuite> <!-- register.TC_005 -->
