<?xml version="1.0" encoding="UTF-8"?>
<!-- Generated by org.testng.reporters.JUnitReportReporter -->
<testsuite hostname="SHITAL" failures="0" tests="1" name="register.TC_15" time="11.515" errors="0" timestamp="2024-11-28T20:29:34 IST" skipped="0">
  <testcase classname="register.TC_15" name="VerifyRegisteredNameStoredindatabase" time="11.515"/>
</testsuite> <!-- register.TC_15 -->
